<?xml version="1.0" encoding="UTF-8"?>
<coverage generated="1564619149852" clover="3.2.0">
  <project timestamp="1564619149852" name="All files">
    <metrics statements="7" coveredstatements="0" conditionals="2" coveredconditionals="0" methods="3" coveredmethods="0" elements="12" coveredelements="0" complexity="0" loc="7" ncloc="7" packages="1" files="1" classes="1"/>
    <file name="login-form.tsx" path="/Users/ban/Documents/Projects/explorer-ui/src/components/login-form/login-form.tsx">
      <metrics statements="7" coveredstatements="0" conditionals="2" coveredconditionals="0" methods="3" coveredmethods="0"/>
      <line num="10" count="0" type="stmt"/>
      <line num="11" count="0" type="stmt"/>
      <line num="12" count="0" type="stmt"/>
      <line num="13" count="0" type="cond" truecount="0" falsecount="2"/>
      <line num="14" count="0" type="stmt"/>
      <line num="20" count="0" type="stmt"/>
      <line num="21" count="0" type="stmt"/>
    </file>
  </project>
</coverage>
